{
  "D:\\програмирование\\RS school\\React\\Module1 Components\\RSScholl-React-2023-Q4\\src\\components\\App\\App.tsx": {
    "path": "D:\\програмирование\\RS school\\React\\Module1 Components\\RSScholl-React-2023-Q4\\src\\components\\App\\App.tsx",
    "all": false,
    "statementMap": {
      "0": {
        "start": { "line": 1, "column": 0 },
        "end": { "line": 1, "column": 62 }
      },
      "1": {
        "start": { "line": 2, "column": 0 },
        "end": { "line": 2, "column": 59 }
      },
      "2": {
        "start": { "line": 3, "column": 0 },
        "end": { "line": 3, "column": 50 }
      },
      "3": {
        "start": { "line": 4, "column": 0 },
        "end": { "line": 4, "column": 50 }
      },
      "4": {
        "start": { "line": 5, "column": 0 },
        "end": { "line": 5, "column": 0 }
      },
      "5": {
        "start": { "line": 6, "column": 0 },
        "end": { "line": 6, "column": 41 }
      },
      "6": {
        "start": { "line": 7, "column": 0 },
        "end": { "line": 7, "column": 35 }
      },
      "7": {
        "start": { "line": 8, "column": 0 },
        "end": { "line": 8, "column": 0 }
      },
      "8": {
        "start": { "line": 9, "column": 0 },
        "end": { "line": 9, "column": 90 }
      },
      "9": {
        "start": { "line": 10, "column": 0 },
        "end": { "line": 10, "column": 4 }
      },
      "10": {
        "start": { "line": 11, "column": 0 },
        "end": { "line": 11, "column": 0 }
      },
      "11": {
        "start": { "line": 12, "column": 0 },
        "end": { "line": 12, "column": 31 }
      },
      "12": {
        "start": { "line": 13, "column": 0 },
        "end": { "line": 13, "column": 10 }
      },
      "13": {
        "start": { "line": 14, "column": 0 },
        "end": { "line": 14, "column": 19 }
      },
      "14": {
        "start": { "line": 15, "column": 0 },
        "end": { "line": 15, "column": 14 }
      },
      "15": {
        "start": { "line": 16, "column": 0 },
        "end": { "line": 16, "column": 55 }
      },
      "16": {
        "start": { "line": 17, "column": 0 },
        "end": { "line": 17, "column": 56 }
      },
      "17": {
        "start": { "line": 18, "column": 0 },
        "end": { "line": 18, "column": 15 }
      },
      "18": {
        "start": { "line": 19, "column": 0 },
        "end": { "line": 19, "column": 20 }
      },
      "19": {
        "start": { "line": 20, "column": 0 },
        "end": { "line": 20, "column": 4 }
      },
      "20": {
        "start": { "line": 21, "column": 0 },
        "end": { "line": 21, "column": 1 }
      }
    },
    "s": {
      "0": 1,
      "1": 1,
      "2": 1,
      "3": 1,
      "4": 1,
      "5": 1,
      "6": 1,
      "7": 1,
      "8": 1,
      "9": 1,
      "10": 1,
      "11": 1,
      "12": 1,
      "13": 1,
      "14": 1,
      "15": 1,
      "16": 1,
      "17": 1,
      "18": 1,
      "19": 1,
      "20": 1
    },
    "branchMap": {
      "0": {
        "type": "branch",
        "line": 12,
        "loc": {
          "start": { "line": 12, "column": 0 },
          "end": { "line": 21, "column": 1 }
        },
        "locations": [
          {
            "start": { "line": 12, "column": 0 },
            "end": { "line": 21, "column": 1 }
          }
        ]
      }
    },
    "b": { "0": [1] },
    "fnMap": {
      "0": {
        "name": "App",
        "decl": {
          "start": { "line": 12, "column": 0 },
          "end": { "line": 21, "column": 1 }
        },
        "loc": {
          "start": { "line": 12, "column": 0 },
          "end": { "line": 21, "column": 1 }
        },
        "line": 12
      }
    },
    "f": { "0": 1 }
  },
  "D:\\програмирование\\RS school\\React\\Module1 Components\\RSScholl-React-2023-Q4\\src\\components\\CardsSection\\CardsSection.tsx": {
    "path": "D:\\програмирование\\RS school\\React\\Module1 Components\\RSScholl-React-2023-Q4\\src\\components\\CardsSection\\CardsSection.tsx",
    "all": false,
    "statementMap": {
      "0": {
        "start": { "line": 1, "column": 0 },
        "end": { "line": 1, "column": 48 }
      },
      "1": {
        "start": { "line": 2, "column": 0 },
        "end": { "line": 2, "column": 46 }
      },
      "2": {
        "start": { "line": 3, "column": 0 },
        "end": { "line": 3, "column": 41 }
      },
      "3": {
        "start": { "line": 4, "column": 0 },
        "end": { "line": 4, "column": 31 }
      },
      "4": {
        "start": { "line": 5, "column": 0 },
        "end": { "line": 5, "column": 61 }
      },
      "5": {
        "start": { "line": 6, "column": 0 },
        "end": { "line": 6, "column": 78 }
      },
      "6": {
        "start": { "line": 7, "column": 0 },
        "end": { "line": 7, "column": 51 }
      },
      "7": {
        "start": { "line": 8, "column": 0 },
        "end": { "line": 8, "column": 55 }
      },
      "8": {
        "start": { "line": 9, "column": 0 },
        "end": { "line": 9, "column": 38 }
      },
      "9": {
        "start": { "line": 10, "column": 0 },
        "end": { "line": 10, "column": 12 }
      },
      "10": {
        "start": { "line": 11, "column": 0 },
        "end": { "line": 11, "column": 14 }
      },
      "11": {
        "start": { "line": 12, "column": 0 },
        "end": { "line": 12, "column": 24 }
      },
      "12": {
        "start": { "line": 13, "column": 0 },
        "end": { "line": 13, "column": 9 }
      },
      "13": {
        "start": { "line": 14, "column": 0 },
        "end": { "line": 14, "column": 10 }
      },
      "14": {
        "start": { "line": 15, "column": 0 },
        "end": { "line": 15, "column": 17 }
      },
      "15": {
        "start": { "line": 16, "column": 0 },
        "end": { "line": 16, "column": 22 }
      },
      "16": {
        "start": { "line": 17, "column": 0 },
        "end": { "line": 17, "column": 23 }
      },
      "17": {
        "start": { "line": 18, "column": 0 },
        "end": { "line": 18, "column": 19 }
      },
      "18": {
        "start": { "line": 19, "column": 0 },
        "end": { "line": 19, "column": 26 }
      },
      "19": {
        "start": { "line": 20, "column": 0 },
        "end": { "line": 20, "column": 60 }
      },
      "20": {
        "start": { "line": 21, "column": 0 },
        "end": { "line": 21, "column": 61 }
      },
      "21": {
        "start": { "line": 22, "column": 0 },
        "end": { "line": 22, "column": 62 }
      },
      "22": {
        "start": { "line": 23, "column": 0 },
        "end": { "line": 23, "column": 0 }
      },
      "23": {
        "start": { "line": 24, "column": 0 },
        "end": { "line": 24, "column": 61 }
      },
      "24": {
        "start": { "line": 25, "column": 0 },
        "end": { "line": 25, "column": 28 }
      },
      "25": {
        "start": { "line": 26, "column": 0 },
        "end": { "line": 26, "column": 21 }
      },
      "26": {
        "start": { "line": 27, "column": 0 },
        "end": { "line": 27, "column": 25 }
      },
      "27": {
        "start": { "line": 28, "column": 0 },
        "end": { "line": 28, "column": 29 }
      },
      "28": {
        "start": { "line": 29, "column": 0 },
        "end": { "line": 29, "column": 24 }
      },
      "29": {
        "start": { "line": 30, "column": 0 },
        "end": { "line": 30, "column": 7 }
      },
      "30": {
        "start": { "line": 31, "column": 0 },
        "end": { "line": 31, "column": 9 }
      },
      "31": {
        "start": { "line": 32, "column": 0 },
        "end": { "line": 32, "column": 69 }
      },
      "32": {
        "start": { "line": 33, "column": 0 },
        "end": { "line": 33, "column": 41 }
      },
      "33": {
        "start": { "line": 34, "column": 0 },
        "end": { "line": 34, "column": 31 }
      },
      "34": {
        "start": { "line": 35, "column": 0 },
        "end": { "line": 35, "column": 31 }
      },
      "35": {
        "start": { "line": 36, "column": 0 },
        "end": { "line": 36, "column": 21 }
      },
      "36": {
        "start": { "line": 37, "column": 0 },
        "end": { "line": 37, "column": 25 }
      },
      "37": {
        "start": { "line": 38, "column": 0 },
        "end": { "line": 38, "column": 31 }
      },
      "38": {
        "start": { "line": 39, "column": 0 },
        "end": { "line": 39, "column": 49 }
      },
      "39": {
        "start": { "line": 40, "column": 0 },
        "end": { "line": 40, "column": 5 }
      },
      "40": {
        "start": { "line": 41, "column": 0 },
        "end": { "line": 41, "column": 4 }
      },
      "41": {
        "start": { "line": 42, "column": 0 },
        "end": { "line": 42, "column": 0 }
      },
      "42": {
        "start": { "line": 43, "column": 0 },
        "end": { "line": 43, "column": 19 }
      },
      "43": {
        "start": { "line": 44, "column": 0 },
        "end": { "line": 44, "column": 25 }
      },
      "44": {
        "start": { "line": 45, "column": 0 },
        "end": { "line": 45, "column": 27 }
      },
      "45": {
        "start": { "line": 46, "column": 0 },
        "end": { "line": 46, "column": 46 }
      },
      "46": {
        "start": { "line": 47, "column": 0 },
        "end": { "line": 47, "column": 5 }
      },
      "47": {
        "start": { "line": 48, "column": 0 },
        "end": { "line": 48, "column": 9 }
      },
      "48": {
        "start": { "line": 49, "column": 0 },
        "end": { "line": 49, "column": 0 }
      },
      "49": {
        "start": { "line": 50, "column": 0 },
        "end": { "line": 50, "column": 10 }
      },
      "50": {
        "start": { "line": 51, "column": 0 },
        "end": { "line": 51, "column": 35 }
      },
      "51": {
        "start": { "line": 52, "column": 0 },
        "end": { "line": 52, "column": 32 }
      },
      "52": {
        "start": { "line": 53, "column": 0 },
        "end": { "line": 53, "column": 20 }
      },
      "53": {
        "start": { "line": 54, "column": 0 },
        "end": { "line": 54, "column": 25 }
      },
      "54": {
        "start": { "line": 55, "column": 0 },
        "end": { "line": 55, "column": 31 }
      },
      "55": {
        "start": { "line": 56, "column": 0 },
        "end": { "line": 56, "column": 17 }
      },
      "56": {
        "start": { "line": 57, "column": 0 },
        "end": { "line": 57, "column": 30 }
      },
      "57": {
        "start": { "line": 58, "column": 0 },
        "end": { "line": 58, "column": 30 }
      },
      "58": {
        "start": { "line": 59, "column": 0 },
        "end": { "line": 59, "column": 36 }
      },
      "59": {
        "start": { "line": 60, "column": 0 },
        "end": { "line": 60, "column": 34 }
      },
      "60": {
        "start": { "line": 61, "column": 0 },
        "end": { "line": 61, "column": 34 }
      },
      "61": {
        "start": { "line": 62, "column": 0 },
        "end": { "line": 62, "column": 27 }
      },
      "62": {
        "start": { "line": 63, "column": 0 },
        "end": { "line": 63, "column": 26 }
      },
      "63": {
        "start": { "line": 64, "column": 0 },
        "end": { "line": 64, "column": 63 }
      },
      "64": {
        "start": { "line": 65, "column": 0 },
        "end": { "line": 65, "column": 14 }
      },
      "65": {
        "start": { "line": 66, "column": 0 },
        "end": { "line": 66, "column": 12 }
      },
      "66": {
        "start": { "line": 67, "column": 0 },
        "end": { "line": 67, "column": 13 }
      },
      "67": {
        "start": { "line": 68, "column": 0 },
        "end": { "line": 68, "column": 43 }
      },
      "68": {
        "start": { "line": 69, "column": 0 },
        "end": { "line": 69, "column": 11 }
      },
      "69": {
        "start": { "line": 70, "column": 0 },
        "end": { "line": 70, "column": 10 }
      },
      "70": {
        "start": { "line": 71, "column": 0 },
        "end": { "line": 71, "column": 4 }
      },
      "71": {
        "start": { "line": 72, "column": 0 },
        "end": { "line": 72, "column": 1 }
      }
    },
    "s": {
      "0": 1,
      "1": 1,
      "2": 1,
      "3": 1,
      "4": 1,
      "5": 1,
      "6": 1,
      "7": 1,
      "8": 8,
      "9": 8,
      "10": 8,
      "11": 8,
      "12": 8,
      "13": 8,
      "14": 8,
      "15": 8,
      "16": 8,
      "17": 8,
      "18": 8,
      "19": 8,
      "20": 8,
      "21": 8,
      "22": 8,
      "23": 8,
      "24": 1,
      "25": 1,
      "26": 1,
      "27": 1,
      "28": 1,
      "29": 1,
      "30": 1,
      "31": 1,
      "32": 0,
      "33": 0,
      "34": 0,
      "35": 0,
      "36": 0,
      "37": 0,
      "38": 0,
      "39": 0,
      "40": 1,
      "41": 8,
      "42": 8,
      "43": 6,
      "44": 0,
      "45": 0,
      "46": 0,
      "47": 8,
      "48": 8,
      "49": 8,
      "50": 8,
      "51": 8,
      "52": 8,
      "53": 4,
      "54": 3,
      "55": 6,
      "56": 6,
      "57": 6,
      "58": 6,
      "59": 6,
      "60": 6,
      "61": 6,
      "62": 6,
      "63": 6,
      "64": 6,
      "65": 3,
      "66": 1,
      "67": 1,
      "68": 8,
      "69": 8,
      "70": 8,
      "71": 8
    },
    "branchMap": {
      "0": {
        "type": "branch",
        "line": 9,
        "loc": {
          "start": { "line": 9, "column": 0 },
          "end": { "line": 72, "column": 1 }
        },
        "locations": [
          {
            "start": { "line": 9, "column": 0 },
            "end": { "line": 72, "column": 1 }
          }
        ]
      },
      "1": {
        "type": "branch",
        "line": 22,
        "loc": {
          "start": { "line": 22, "column": 33 },
          "end": { "line": 22, "column": 59 }
        },
        "locations": [
          {
            "start": { "line": 22, "column": 33 },
            "end": { "line": 22, "column": 59 }
          }
        ]
      },
      "2": {
        "type": "branch",
        "line": 22,
        "loc": {
          "start": { "line": 22, "column": 46 },
          "end": { "line": 22, "column": 62 }
        },
        "locations": [
          {
            "start": { "line": 22, "column": 46 },
            "end": { "line": 22, "column": 62 }
          }
        ]
      },
      "3": {
        "type": "branch",
        "line": 52,
        "loc": {
          "start": { "line": 52, "column": 7 },
          "end": { "line": 52, "column": 32 }
        },
        "locations": [
          {
            "start": { "line": 52, "column": 7 },
            "end": { "line": 52, "column": 32 }
          }
        ]
      },
      "4": {
        "type": "branch",
        "line": 53,
        "loc": {
          "start": { "line": 53, "column": 8 },
          "end": { "line": 68, "column": 43 }
        },
        "locations": [
          {
            "start": { "line": 53, "column": 8 },
            "end": { "line": 68, "column": 43 }
          }
        ]
      },
      "5": {
        "type": "branch",
        "line": 54,
        "loc": {
          "start": { "line": 54, "column": 15 },
          "end": { "line": 66, "column": 12 }
        },
        "locations": [
          {
            "start": { "line": 54, "column": 15 },
            "end": { "line": 66, "column": 12 }
          }
        ]
      },
      "6": {
        "type": "branch",
        "line": 66,
        "loc": {
          "start": { "line": 66, "column": 11 },
          "end": { "line": 68, "column": 43 }
        },
        "locations": [
          {
            "start": { "line": 66, "column": 11 },
            "end": { "line": 68, "column": 43 }
          }
        ]
      },
      "7": {
        "type": "branch",
        "line": 24,
        "loc": {
          "start": { "line": 24, "column": 34 },
          "end": { "line": 41, "column": 4 }
        },
        "locations": [
          {
            "start": { "line": 24, "column": 34 },
            "end": { "line": 41, "column": 4 }
          }
        ]
      },
      "8": {
        "type": "branch",
        "line": 32,
        "loc": {
          "start": { "line": 32, "column": 67 },
          "end": { "line": 40, "column": 5 }
        },
        "locations": [
          {
            "start": { "line": 32, "column": 67 },
            "end": { "line": 40, "column": 5 }
          }
        ]
      },
      "9": {
        "type": "branch",
        "line": 43,
        "loc": {
          "start": { "line": 43, "column": 12 },
          "end": { "line": 48, "column": 5 }
        },
        "locations": [
          {
            "start": { "line": 43, "column": 12 },
            "end": { "line": 48, "column": 5 }
          }
        ]
      },
      "10": {
        "type": "branch",
        "line": 44,
        "loc": {
          "start": { "line": 44, "column": 24 },
          "end": { "line": 47, "column": 5 }
        },
        "locations": [
          {
            "start": { "line": 44, "column": 24 },
            "end": { "line": 47, "column": 5 }
          }
        ]
      },
      "11": {
        "type": "branch",
        "line": 55,
        "loc": {
          "start": { "line": 55, "column": 20 },
          "end": { "line": 65, "column": 14 }
        },
        "locations": [
          {
            "start": { "line": 55, "column": 20 },
            "end": { "line": 65, "column": 14 }
          }
        ]
      }
    },
    "b": {
      "0": [8],
      "1": [1],
      "2": [7],
      "3": [4],
      "4": [4],
      "5": [3],
      "6": [1],
      "7": [1],
      "8": [0],
      "9": [6],
      "10": [0],
      "11": [6]
    },
    "fnMap": {
      "0": {
        "name": "CardsSection",
        "decl": {
          "start": { "line": 9, "column": 0 },
          "end": { "line": 72, "column": 1 }
        },
        "loc": {
          "start": { "line": 9, "column": 0 },
          "end": { "line": 72, "column": 1 }
        },
        "line": 9
      },
      "1": {
        "name": "getCardModalDescription",
        "decl": {
          "start": { "line": 24, "column": 34 },
          "end": { "line": 41, "column": 4 }
        },
        "loc": {
          "start": { "line": 24, "column": 34 },
          "end": { "line": 41, "column": 4 }
        },
        "line": 24
      }
    },
    "f": { "0": 8, "1": 1 }
  },
  "D:\\програмирование\\RS school\\React\\Module1 Components\\RSScholl-React-2023-Q4\\src\\components\\CardsSection\\Card\\Card.tsx": {
    "path": "D:\\програмирование\\RS school\\React\\Module1 Components\\RSScholl-React-2023-Q4\\src\\components\\CardsSection\\Card\\Card.tsx",
    "all": false,
    "statementMap": {
      "0": {
        "start": { "line": 1, "column": 0 },
        "end": { "line": 1, "column": 39 }
      },
      "1": {
        "start": { "line": 2, "column": 0 },
        "end": { "line": 2, "column": 55 }
      },
      "2": {
        "start": { "line": 3, "column": 0 },
        "end": { "line": 3, "column": 35 }
      },
      "3": {
        "start": { "line": 4, "column": 0 },
        "end": { "line": 4, "column": 51 }
      },
      "4": {
        "start": { "line": 5, "column": 0 },
        "end": { "line": 5, "column": 0 }
      },
      "5": {
        "start": { "line": 6, "column": 0 },
        "end": { "line": 6, "column": 30 }
      },
      "6": {
        "start": { "line": 7, "column": 0 },
        "end": { "line": 7, "column": 6 }
      },
      "7": {
        "start": { "line": 8, "column": 0 },
        "end": { "line": 8, "column": 7 }
      },
      "8": {
        "start": { "line": 9, "column": 0 },
        "end": { "line": 9, "column": 10 }
      },
      "9": {
        "start": { "line": 10, "column": 0 },
        "end": { "line": 10, "column": 9 }
      },
      "10": {
        "start": { "line": 11, "column": 0 },
        "end": { "line": 11, "column": 9 }
      },
      "11": {
        "start": { "line": 12, "column": 0 },
        "end": { "line": 12, "column": 5 }
      },
      "12": {
        "start": { "line": 13, "column": 0 },
        "end": { "line": 13, "column": 26 }
      },
      "13": {
        "start": { "line": 14, "column": 0 },
        "end": { "line": 14, "column": 16 }
      },
      "14": {
        "start": { "line": 15, "column": 0 },
        "end": { "line": 15, "column": 49 }
      },
      "15": {
        "start": { "line": 16, "column": 0 },
        "end": { "line": 16, "column": 27 }
      },
      "16": {
        "start": { "line": 17, "column": 0 },
        "end": { "line": 17, "column": 25 }
      },
      "17": {
        "start": { "line": 18, "column": 0 },
        "end": { "line": 18, "column": 32 }
      },
      "18": {
        "start": { "line": 19, "column": 0 },
        "end": { "line": 19, "column": 3 }
      },
      "19": {
        "start": { "line": 20, "column": 0 },
        "end": { "line": 20, "column": 0 }
      },
      "20": {
        "start": { "line": 21, "column": 0 },
        "end": { "line": 21, "column": 10 }
      },
      "21": {
        "start": { "line": 22, "column": 0 },
        "end": { "line": 22, "column": 75 }
      },
      "22": {
        "start": { "line": 23, "column": 0 },
        "end": { "line": 23, "column": 49 }
      },
      "23": {
        "start": { "line": 24, "column": 0 },
        "end": { "line": 24, "column": 21 }
      },
      "24": {
        "start": { "line": 25, "column": 0 },
        "end": { "line": 25, "column": 38 }
      },
      "25": {
        "start": { "line": 26, "column": 0 },
        "end": { "line": 26, "column": 36 }
      },
      "26": {
        "start": { "line": 27, "column": 0 },
        "end": { "line": 27, "column": 36 }
      },
      "27": {
        "start": { "line": 28, "column": 0 },
        "end": { "line": 28, "column": 10 }
      },
      "28": {
        "start": { "line": 29, "column": 0 },
        "end": { "line": 29, "column": 4 }
      },
      "29": {
        "start": { "line": 30, "column": 0 },
        "end": { "line": 30, "column": 1 }
      }
    },
    "s": {
      "0": 1,
      "1": 1,
      "2": 1,
      "3": 1,
      "4": 1,
      "5": 9,
      "6": 9,
      "7": 9,
      "8": 9,
      "9": 9,
      "10": 9,
      "11": 9,
      "12": 9,
      "13": 9,
      "14": 9,
      "15": 9,
      "16": 3,
      "17": 3,
      "18": 3,
      "19": 9,
      "20": 9,
      "21": 9,
      "22": 9,
      "23": 9,
      "24": 9,
      "25": 9,
      "26": 9,
      "27": 9,
      "28": 9,
      "29": 9
    },
    "branchMap": {
      "0": {
        "type": "branch",
        "line": 6,
        "loc": {
          "start": { "line": 6, "column": 0 },
          "end": { "line": 30, "column": 1 }
        },
        "locations": [
          {
            "start": { "line": 6, "column": 0 },
            "end": { "line": 30, "column": 1 }
          }
        ]
      },
      "1": {
        "type": "branch",
        "line": 16,
        "loc": {
          "start": { "line": 16, "column": 2 },
          "end": { "line": 19, "column": 3 }
        },
        "locations": [
          {
            "start": { "line": 16, "column": 2 },
            "end": { "line": 19, "column": 3 }
          }
        ]
      }
    },
    "b": { "0": [9], "1": [3] },
    "fnMap": {
      "0": {
        "name": "Card",
        "decl": {
          "start": { "line": 6, "column": 0 },
          "end": { "line": 30, "column": 1 }
        },
        "loc": {
          "start": { "line": 6, "column": 0 },
          "end": { "line": 30, "column": 1 }
        },
        "line": 6
      },
      "1": {
        "name": "handlerClick",
        "decl": {
          "start": { "line": 16, "column": 2 },
          "end": { "line": 19, "column": 3 }
        },
        "loc": {
          "start": { "line": 16, "column": 2 },
          "end": { "line": 19, "column": 3 }
        },
        "line": 16
      }
    },
    "f": { "0": 9, "1": 3 }
  },
  "D:\\програмирование\\RS school\\React\\Module1 Components\\RSScholl-React-2023-Q4\\src\\components\\CardsSection\\NoResultsCards\\NoResultsCards.tsx": {
    "path": "D:\\програмирование\\RS school\\React\\Module1 Components\\RSScholl-React-2023-Q4\\src\\components\\CardsSection\\NoResultsCards\\NoResultsCards.tsx",
    "all": false,
    "statementMap": {
      "0": {
        "start": { "line": 1, "column": 0 },
        "end": { "line": 1, "column": 30 }
      },
      "1": {
        "start": { "line": 2, "column": 0 },
        "end": { "line": 2, "column": 58 }
      },
      "2": {
        "start": { "line": 3, "column": 0 },
        "end": { "line": 3, "column": 0 }
      },
      "3": {
        "start": { "line": 4, "column": 0 },
        "end": { "line": 4, "column": 42 }
      },
      "4": {
        "start": { "line": 5, "column": 0 },
        "end": { "line": 5, "column": 10 }
      },
      "5": {
        "start": { "line": 6, "column": 0 },
        "end": { "line": 6, "column": 40 }
      },
      "6": {
        "start": { "line": 7, "column": 0 },
        "end": { "line": 7, "column": 59 }
      },
      "7": {
        "start": { "line": 8, "column": 0 },
        "end": { "line": 8, "column": 76 }
      },
      "8": {
        "start": { "line": 9, "column": 0 },
        "end": { "line": 9, "column": 10 }
      },
      "9": {
        "start": { "line": 10, "column": 0 },
        "end": { "line": 10, "column": 4 }
      },
      "10": {
        "start": { "line": 11, "column": 0 },
        "end": { "line": 11, "column": 1 }
      }
    },
    "s": {
      "0": 1,
      "1": 1,
      "2": 1,
      "3": 1,
      "4": 1,
      "5": 1,
      "6": 1,
      "7": 1,
      "8": 1,
      "9": 1,
      "10": 1
    },
    "branchMap": {
      "0": {
        "type": "branch",
        "line": 4,
        "loc": {
          "start": { "line": 4, "column": 0 },
          "end": { "line": 11, "column": 1 }
        },
        "locations": [
          {
            "start": { "line": 4, "column": 0 },
            "end": { "line": 11, "column": 1 }
          }
        ]
      }
    },
    "b": { "0": [1] },
    "fnMap": {
      "0": {
        "name": "NoResultsCards",
        "decl": {
          "start": { "line": 4, "column": 0 },
          "end": { "line": 11, "column": 1 }
        },
        "loc": {
          "start": { "line": 4, "column": 0 },
          "end": { "line": 11, "column": 1 }
        },
        "line": 4
      }
    },
    "f": { "0": 1 }
  },
  "D:\\програмирование\\RS school\\React\\Module1 Components\\RSScholl-React-2023-Q4\\src\\components\\ErrorBoundary\\ErrorBoundary.tsx": {
    "path": "D:\\програмирование\\RS school\\React\\Module1 Components\\RSScholl-React-2023-Q4\\src\\components\\ErrorBoundary\\ErrorBoundary.tsx",
    "all": false,
    "statementMap": {
      "0": {
        "start": { "line": 1, "column": 0 },
        "end": { "line": 1, "column": 45 }
      },
      "1": {
        "start": { "line": 2, "column": 0 },
        "end": { "line": 2, "column": 8 }
      },
      "2": {
        "start": { "line": 3, "column": 0 },
        "end": { "line": 3, "column": 22 }
      },
      "3": {
        "start": { "line": 4, "column": 0 },
        "end": { "line": 4, "column": 22 }
      },
      "4": {
        "start": { "line": 5, "column": 0 },
        "end": { "line": 5, "column": 32 }
      },
      "5": {
        "start": { "line": 6, "column": 0 },
        "end": { "line": 6, "column": 0 }
      },
      "6": {
        "start": { "line": 7, "column": 0 },
        "end": { "line": 7, "column": 53 }
      },
      "7": {
        "start": { "line": 8, "column": 0 },
        "end": { "line": 8, "column": 22 }
      },
      "8": {
        "start": { "line": 9, "column": 0 },
        "end": { "line": 9, "column": 21 }
      },
      "9": {
        "start": { "line": 10, "column": 0 },
        "end": { "line": 10, "column": 3 }
      },
      "10": {
        "start": { "line": 11, "column": 0 },
        "end": { "line": 11, "column": 43 }
      },
      "11": {
        "start": { "line": 12, "column": 0 },
        "end": { "line": 12, "column": 17 }
      },
      "12": {
        "start": { "line": 13, "column": 0 },
        "end": { "line": 13, "column": 18 }
      },
      "13": {
        "start": { "line": 14, "column": 0 },
        "end": { "line": 14, "column": 22 }
      },
      "14": {
        "start": { "line": 15, "column": 0 },
        "end": { "line": 15, "column": 18 }
      },
      "15": {
        "start": { "line": 16, "column": 0 },
        "end": { "line": 16, "column": 22 }
      },
      "16": {
        "start": { "line": 17, "column": 0 },
        "end": { "line": 17, "column": 6 }
      },
      "17": {
        "start": { "line": 18, "column": 0 },
        "end": { "line": 18, "column": 3 }
      },
      "18": {
        "start": { "line": 19, "column": 0 },
        "end": { "line": 19, "column": 0 }
      },
      "19": {
        "start": { "line": 20, "column": 0 },
        "end": { "line": 20, "column": 57 }
      },
      "20": {
        "start": { "line": 21, "column": 0 },
        "end": { "line": 21, "column": 19 }
      },
      "21": {
        "start": { "line": 22, "column": 0 },
        "end": { "line": 22, "column": 21 }
      },
      "22": {
        "start": { "line": 23, "column": 0 },
        "end": { "line": 23, "column": 12 }
      },
      "23": {
        "start": { "line": 24, "column": 0 },
        "end": { "line": 24, "column": 16 }
      },
      "24": {
        "start": { "line": 25, "column": 0 },
        "end": { "line": 25, "column": 7 }
      },
      "25": {
        "start": { "line": 26, "column": 0 },
        "end": { "line": 26, "column": 3 }
      },
      "26": {
        "start": { "line": 27, "column": 0 },
        "end": { "line": 27, "column": 0 }
      },
      "27": {
        "start": { "line": 28, "column": 0 },
        "end": { "line": 28, "column": 12 }
      },
      "28": {
        "start": { "line": 29, "column": 0 },
        "end": { "line": 29, "column": 30 }
      },
      "29": {
        "start": { "line": 30, "column": 0 },
        "end": { "line": 30, "column": 14 }
      },
      "30": {
        "start": { "line": 31, "column": 0 },
        "end": { "line": 31, "column": 30 }
      },
      "31": {
        "start": { "line": 32, "column": 0 },
        "end": { "line": 32, "column": 67 }
      },
      "32": {
        "start": { "line": 33, "column": 0 },
        "end": { "line": 33, "column": 13 }
      },
      "33": {
        "start": { "line": 34, "column": 0 },
        "end": { "line": 34, "column": 8 }
      },
      "34": {
        "start": { "line": 35, "column": 0 },
        "end": { "line": 35, "column": 5 }
      },
      "35": {
        "start": { "line": 36, "column": 0 },
        "end": { "line": 36, "column": 0 }
      },
      "36": {
        "start": { "line": 37, "column": 0 },
        "end": { "line": 37, "column": 31 }
      },
      "37": {
        "start": { "line": 38, "column": 0 },
        "end": { "line": 38, "column": 3 }
      },
      "38": {
        "start": { "line": 39, "column": 0 },
        "end": { "line": 39, "column": 1 }
      }
    },
    "s": {
      "0": 1,
      "1": 1,
      "2": 1,
      "3": 1,
      "4": 1,
      "5": 1,
      "6": 1,
      "7": 1,
      "8": 1,
      "9": 1,
      "10": 1,
      "11": 1,
      "12": 1,
      "13": 1,
      "14": 1,
      "15": 1,
      "16": 1,
      "17": 1,
      "18": 1,
      "19": 1,
      "20": 0,
      "21": 0,
      "22": 0,
      "23": 0,
      "24": 0,
      "25": 0,
      "26": 1,
      "27": 1,
      "28": 1,
      "29": 0,
      "30": 0,
      "31": 0,
      "32": 0,
      "33": 0,
      "34": 0,
      "35": 1,
      "36": 1,
      "37": 1,
      "38": 1
    },
    "branchMap": {
      "0": {
        "type": "branch",
        "line": 11,
        "loc": {
          "start": { "line": 11, "column": 2 },
          "end": { "line": 18, "column": 3 }
        },
        "locations": [
          {
            "start": { "line": 11, "column": 2 },
            "end": { "line": 18, "column": 3 }
          }
        ]
      },
      "1": {
        "type": "branch",
        "line": 28,
        "loc": {
          "start": { "line": 28, "column": 2 },
          "end": { "line": 38, "column": 3 }
        },
        "locations": [
          {
            "start": { "line": 28, "column": 2 },
            "end": { "line": 38, "column": 3 }
          }
        ]
      },
      "2": {
        "type": "branch",
        "line": 29,
        "loc": {
          "start": { "line": 29, "column": 29 },
          "end": { "line": 35, "column": 5 }
        },
        "locations": [
          {
            "start": { "line": 29, "column": 29 },
            "end": { "line": 35, "column": 5 }
          }
        ]
      }
    },
    "b": { "0": [1], "1": [1], "2": [0] },
    "fnMap": {
      "0": {
        "name": "ErrorBoundary",
        "decl": {
          "start": { "line": 11, "column": 2 },
          "end": { "line": 18, "column": 3 }
        },
        "loc": {
          "start": { "line": 11, "column": 2 },
          "end": { "line": 18, "column": 3 }
        },
        "line": 11
      },
      "1": {
        "name": "componentDidCatch",
        "decl": {
          "start": { "line": 20, "column": 2 },
          "end": { "line": 26, "column": 3 }
        },
        "loc": {
          "start": { "line": 20, "column": 2 },
          "end": { "line": 26, "column": 3 }
        },
        "line": 20
      },
      "2": {
        "name": "render",
        "decl": {
          "start": { "line": 28, "column": 2 },
          "end": { "line": 38, "column": 3 }
        },
        "loc": {
          "start": { "line": 28, "column": 2 },
          "end": { "line": 38, "column": 3 }
        },
        "line": 28
      }
    },
    "f": { "0": 1, "1": 0, "2": 1 }
  },
  "D:\\програмирование\\RS school\\React\\Module1 Components\\RSScholl-React-2023-Q4\\src\\components\\ErrorBoundary\\ErrorButton\\ErrorButton.tsx": {
    "path": "D:\\програмирование\\RS school\\React\\Module1 Components\\RSScholl-React-2023-Q4\\src\\components\\ErrorBoundary\\ErrorButton\\ErrorButton.tsx",
    "all": false,
    "statementMap": {
      "0": {
        "start": { "line": 1, "column": 0 },
        "end": { "line": 1, "column": 33 }
      },
      "1": {
        "start": { "line": 2, "column": 0 },
        "end": { "line": 2, "column": 46 }
      },
      "2": {
        "start": { "line": 3, "column": 0 },
        "end": { "line": 3, "column": 0 }
      },
      "3": {
        "start": { "line": 4, "column": 0 },
        "end": { "line": 4, "column": 39 }
      },
      "4": {
        "start": { "line": 5, "column": 0 },
        "end": { "line": 5, "column": 50 }
      },
      "5": {
        "start": { "line": 6, "column": 0 },
        "end": { "line": 6, "column": 0 }
      },
      "6": {
        "start": { "line": 7, "column": 0 },
        "end": { "line": 7, "column": 17 }
      },
      "7": {
        "start": { "line": 8, "column": 0 },
        "end": { "line": 8, "column": 36 }
      },
      "8": {
        "start": { "line": 9, "column": 0 },
        "end": { "line": 9, "column": 3 }
      },
      "9": {
        "start": { "line": 10, "column": 0 },
        "end": { "line": 10, "column": 0 }
      },
      "10": {
        "start": { "line": 11, "column": 0 },
        "end": { "line": 11, "column": 27 }
      },
      "11": {
        "start": { "line": 12, "column": 0 },
        "end": { "line": 12, "column": 22 }
      },
      "12": {
        "start": { "line": 13, "column": 0 },
        "end": { "line": 13, "column": 3 }
      },
      "13": {
        "start": { "line": 14, "column": 0 },
        "end": { "line": 14, "column": 0 }
      },
      "14": {
        "start": { "line": 15, "column": 0 },
        "end": { "line": 15, "column": 10 }
      },
      "15": {
        "start": { "line": 16, "column": 0 },
        "end": { "line": 16, "column": 70 }
      },
      "16": {
        "start": { "line": 17, "column": 0 },
        "end": { "line": 17, "column": 18 }
      },
      "17": {
        "start": { "line": 18, "column": 0 },
        "end": { "line": 18, "column": 13 }
      },
      "18": {
        "start": { "line": 19, "column": 0 },
        "end": { "line": 19, "column": 4 }
      },
      "19": {
        "start": { "line": 20, "column": 0 },
        "end": { "line": 20, "column": 1 }
      }
    },
    "s": {
      "0": 1,
      "1": 1,
      "2": 1,
      "3": 4,
      "4": 4,
      "5": 4,
      "6": 4,
      "7": 0,
      "8": 0,
      "9": 4,
      "10": 4,
      "11": 0,
      "12": 0,
      "13": 4,
      "14": 4,
      "15": 4,
      "16": 4,
      "17": 4,
      "18": 4,
      "19": 4
    },
    "branchMap": {
      "0": {
        "type": "branch",
        "line": 4,
        "loc": {
          "start": { "line": 4, "column": 0 },
          "end": { "line": 20, "column": 1 }
        },
        "locations": [
          {
            "start": { "line": 4, "column": 0 },
            "end": { "line": 20, "column": 1 }
          }
        ]
      },
      "1": {
        "type": "branch",
        "line": 7,
        "loc": {
          "start": { "line": 7, "column": 16 },
          "end": { "line": 9, "column": 3 }
        },
        "locations": [
          {
            "start": { "line": 7, "column": 16 },
            "end": { "line": 9, "column": 3 }
          }
        ]
      }
    },
    "b": { "0": [4], "1": [0] },
    "fnMap": {
      "0": {
        "name": "ErrorButton",
        "decl": {
          "start": { "line": 4, "column": 0 },
          "end": { "line": 20, "column": 1 }
        },
        "loc": {
          "start": { "line": 4, "column": 0 },
          "end": { "line": 20, "column": 1 }
        },
        "line": 4
      },
      "1": {
        "name": "handlerClick",
        "decl": {
          "start": { "line": 11, "column": 2 },
          "end": { "line": 13, "column": 3 }
        },
        "loc": {
          "start": { "line": 11, "column": 2 },
          "end": { "line": 13, "column": 3 }
        },
        "line": 11
      }
    },
    "f": { "0": 4, "1": 0 }
  },
  "D:\\програмирование\\RS school\\React\\Module1 Components\\RSScholl-React-2023-Q4\\src\\components\\ModalCard\\ModalCard.tsx": {
    "path": "D:\\програмирование\\RS school\\React\\Module1 Components\\RSScholl-React-2023-Q4\\src\\components\\ModalCard\\ModalCard.tsx",
    "all": false,
    "statementMap": {
      "0": {
        "start": { "line": 1, "column": 0 },
        "end": { "line": 1, "column": 25 }
      },
      "1": {
        "start": { "line": 2, "column": 0 },
        "end": { "line": 2, "column": 67 }
      },
      "2": {
        "start": { "line": 3, "column": 0 },
        "end": { "line": 3, "column": 57 }
      },
      "3": {
        "start": { "line": 4, "column": 0 },
        "end": { "line": 4, "column": 35 }
      },
      "4": {
        "start": { "line": 5, "column": 0 },
        "end": { "line": 5, "column": 48 }
      },
      "5": {
        "start": { "line": 6, "column": 0 },
        "end": { "line": 6, "column": 0 }
      },
      "6": {
        "start": { "line": 7, "column": 0 },
        "end": { "line": 7, "column": 35 }
      },
      "7": {
        "start": { "line": 8, "column": 0 },
        "end": { "line": 8, "column": 14 }
      },
      "8": {
        "start": { "line": 9, "column": 0 },
        "end": { "line": 9, "column": 17 }
      },
      "9": {
        "start": { "line": 10, "column": 0 },
        "end": { "line": 10, "column": 24 }
      },
      "10": {
        "start": { "line": 11, "column": 0 },
        "end": { "line": 11, "column": 21 }
      },
      "11": {
        "start": { "line": 12, "column": 0 },
        "end": { "line": 12, "column": 49 }
      },
      "12": {
        "start": { "line": 13, "column": 0 },
        "end": { "line": 13, "column": 32 }
      },
      "13": {
        "start": { "line": 14, "column": 0 },
        "end": { "line": 14, "column": 26 }
      },
      "14": {
        "start": { "line": 15, "column": 0 },
        "end": { "line": 15, "column": 28 }
      },
      "15": {
        "start": { "line": 16, "column": 0 },
        "end": { "line": 16, "column": 3 }
      },
      "16": {
        "start": { "line": 17, "column": 0 },
        "end": { "line": 17, "column": 0 }
      },
      "17": {
        "start": { "line": 18, "column": 0 },
        "end": { "line": 18, "column": 59 }
      },
      "18": {
        "start": { "line": 19, "column": 0 },
        "end": { "line": 19, "column": 28 }
      },
      "19": {
        "start": { "line": 20, "column": 0 },
        "end": { "line": 20, "column": 3 }
      },
      "20": {
        "start": { "line": 21, "column": 0 },
        "end": { "line": 21, "column": 0 }
      },
      "21": {
        "start": { "line": 22, "column": 0 },
        "end": { "line": 22, "column": 10 }
      },
      "22": {
        "start": { "line": 23, "column": 0 },
        "end": { "line": 23, "column": 8 }
      },
      "23": {
        "start": { "line": 24, "column": 0 },
        "end": { "line": 24, "column": 62 }
      },
      "24": {
        "start": { "line": 25, "column": 0 },
        "end": { "line": 25, "column": 33 }
      },
      "25": {
        "start": { "line": 26, "column": 0 },
        "end": { "line": 26, "column": 5 }
      },
      "26": {
        "start": { "line": 27, "column": 0 },
        "end": { "line": 27, "column": 10 }
      },
      "27": {
        "start": { "line": 28, "column": 0 },
        "end": { "line": 28, "column": 79 }
      },
      "28": {
        "start": { "line": 29, "column": 0 },
        "end": { "line": 29, "column": 39 }
      },
      "29": {
        "start": { "line": 30, "column": 0 },
        "end": { "line": 30, "column": 7 }
      },
      "30": {
        "start": { "line": 31, "column": 0 },
        "end": { "line": 31, "column": 12 }
      },
      "31": {
        "start": { "line": 32, "column": 0 },
        "end": { "line": 32, "column": 40 }
      },
      "32": {
        "start": { "line": 33, "column": 0 },
        "end": { "line": 33, "column": 37 }
      },
      "33": {
        "start": { "line": 34, "column": 0 },
        "end": { "line": 34, "column": 35 }
      },
      "34": {
        "start": { "line": 35, "column": 0 },
        "end": { "line": 35, "column": 9 }
      },
      "35": {
        "start": { "line": 36, "column": 0 },
        "end": { "line": 36, "column": 11 }
      },
      "36": {
        "start": { "line": 37, "column": 0 },
        "end": { "line": 37, "column": 14 }
      },
      "37": {
        "start": { "line": 38, "column": 0 },
        "end": { "line": 38, "column": 60 }
      },
      "38": {
        "start": { "line": 39, "column": 0 },
        "end": { "line": 39, "column": 12 }
      },
      "39": {
        "start": { "line": 40, "column": 0 },
        "end": { "line": 40, "column": 10 }
      },
      "40": {
        "start": { "line": 41, "column": 0 },
        "end": { "line": 41, "column": 4 }
      },
      "41": {
        "start": { "line": 42, "column": 0 },
        "end": { "line": 42, "column": 1 }
      }
    },
    "s": {
      "0": 1,
      "1": 1,
      "2": 1,
      "3": 1,
      "4": 1,
      "5": 1,
      "6": 10,
      "7": 10,
      "8": 10,
      "9": 10,
      "10": 10,
      "11": 10,
      "12": 10,
      "13": 1,
      "14": 1,
      "15": 1,
      "16": 10,
      "17": 10,
      "18": 1,
      "19": 1,
      "20": 10,
      "21": 10,
      "22": 10,
      "23": 10,
      "24": 10,
      "25": 10,
      "26": 10,
      "27": 10,
      "28": 10,
      "29": 10,
      "30": 10,
      "31": 10,
      "32": 10,
      "33": 10,
      "34": 10,
      "35": 10,
      "36": 10,
      "37": 10,
      "38": 10,
      "39": 10,
      "40": 10,
      "41": 10
    },
    "branchMap": {
      "0": {
        "type": "branch",
        "line": 7,
        "loc": {
          "start": { "line": 7, "column": 0 },
          "end": { "line": 42, "column": 1 }
        },
        "locations": [
          {
            "start": { "line": 7, "column": 0 },
            "end": { "line": 42, "column": 1 }
          }
        ]
      },
      "1": {
        "type": "branch",
        "line": 24,
        "loc": {
          "start": { "line": 24, "column": 17 },
          "end": { "line": 24, "column": 54 }
        },
        "locations": [
          {
            "start": { "line": 24, "column": 17 },
            "end": { "line": 24, "column": 54 }
          }
        ]
      },
      "2": {
        "type": "branch",
        "line": 24,
        "loc": {
          "start": { "line": 24, "column": 31 },
          "end": { "line": 24, "column": 62 }
        },
        "locations": [
          {
            "start": { "line": 24, "column": 31 },
            "end": { "line": 24, "column": 62 }
          }
        ]
      },
      "3": {
        "type": "branch",
        "line": 28,
        "loc": {
          "start": { "line": 28, "column": 19 },
          "end": { "line": 28, "column": 66 }
        },
        "locations": [
          {
            "start": { "line": 28, "column": 19 },
            "end": { "line": 28, "column": 66 }
          }
        ]
      },
      "4": {
        "type": "branch",
        "line": 28,
        "loc": {
          "start": { "line": 28, "column": 33 },
          "end": { "line": 28, "column": 79 }
        },
        "locations": [
          {
            "start": { "line": 28, "column": 33 },
            "end": { "line": 28, "column": 79 }
          }
        ]
      },
      "5": {
        "type": "branch",
        "line": 13,
        "loc": {
          "start": { "line": 13, "column": 2 },
          "end": { "line": 16, "column": 3 }
        },
        "locations": [
          {
            "start": { "line": 13, "column": 2 },
            "end": { "line": 16, "column": 3 }
          }
        ]
      },
      "6": {
        "type": "branch",
        "line": 18,
        "loc": {
          "start": { "line": 18, "column": 2 },
          "end": { "line": 20, "column": 3 }
        },
        "locations": [
          {
            "start": { "line": 18, "column": 2 },
            "end": { "line": 20, "column": 3 }
          }
        ]
      }
    },
    "b": {
      "0": [10],
      "1": [3],
      "2": [7],
      "3": [3],
      "4": [7],
      "5": [1],
      "6": [1]
    },
    "fnMap": {
      "0": {
        "name": "ModalCard",
        "decl": {
          "start": { "line": 7, "column": 0 },
          "end": { "line": 42, "column": 1 }
        },
        "loc": {
          "start": { "line": 7, "column": 0 },
          "end": { "line": 42, "column": 1 }
        },
        "line": 7
      },
      "1": {
        "name": "handlerClickModal",
        "decl": {
          "start": { "line": 13, "column": 2 },
          "end": { "line": 16, "column": 3 }
        },
        "loc": {
          "start": { "line": 13, "column": 2 },
          "end": { "line": 16, "column": 3 }
        },
        "line": 13
      },
      "2": {
        "name": "handlerClickModalCard",
        "decl": {
          "start": { "line": 18, "column": 2 },
          "end": { "line": 20, "column": 3 }
        },
        "loc": {
          "start": { "line": 18, "column": 2 },
          "end": { "line": 20, "column": 3 }
        },
        "line": 18
      }
    },
    "f": { "0": 10, "1": 1, "2": 1 }
  },
  "D:\\програмирование\\RS school\\React\\Module1 Components\\RSScholl-React-2023-Q4\\src\\components\\ModalCard\\ModalCardContent\\ModalCardContent.tsx": {
    "path": "D:\\програмирование\\RS school\\React\\Module1 Components\\RSScholl-React-2023-Q4\\src\\components\\ModalCard\\ModalCardContent\\ModalCardContent.tsx",
    "all": false,
    "statementMap": {
      "0": {
        "start": { "line": 1, "column": 0 },
        "end": { "line": 1, "column": 32 }
      },
      "1": {
        "start": { "line": 2, "column": 0 },
        "end": { "line": 2, "column": 44 }
      },
      "2": {
        "start": { "line": 3, "column": 0 },
        "end": { "line": 3, "column": 51 }
      },
      "3": {
        "start": { "line": 4, "column": 0 },
        "end": { "line": 4, "column": 35 }
      },
      "4": {
        "start": { "line": 5, "column": 0 },
        "end": { "line": 5, "column": 68 }
      },
      "5": {
        "start": { "line": 6, "column": 0 },
        "end": { "line": 6, "column": 0 }
      },
      "6": {
        "start": { "line": 7, "column": 0 },
        "end": { "line": 7, "column": 42 }
      },
      "7": {
        "start": { "line": 8, "column": 0 },
        "end": { "line": 8, "column": 17 }
      },
      "8": {
        "start": { "line": 9, "column": 0 },
        "end": { "line": 9, "column": 29 }
      },
      "9": {
        "start": { "line": 10, "column": 0 },
        "end": { "line": 10, "column": 50 }
      },
      "10": {
        "start": { "line": 11, "column": 0 },
        "end": { "line": 11, "column": 0 }
      },
      "11": {
        "start": { "line": 12, "column": 0 },
        "end": { "line": 12, "column": 10 }
      },
      "12": {
        "start": { "line": 13, "column": 0 },
        "end": { "line": 13, "column": 6 }
      },
      "13": {
        "start": { "line": 14, "column": 0 },
        "end": { "line": 14, "column": 37 }
      },
      "14": {
        "start": { "line": 15, "column": 0 },
        "end": { "line": 15, "column": 27 }
      },
      "15": {
        "start": { "line": 16, "column": 0 },
        "end": { "line": 16, "column": 10 }
      },
      "16": {
        "start": { "line": 17, "column": 0 },
        "end": { "line": 17, "column": 33 }
      },
      "17": {
        "start": { "line": 18, "column": 0 },
        "end": { "line": 18, "column": 14 }
      },
      "18": {
        "start": { "line": 19, "column": 0 },
        "end": { "line": 19, "column": 75 }
      },
      "19": {
        "start": { "line": 20, "column": 0 },
        "end": { "line": 20, "column": 89 }
      },
      "20": {
        "start": { "line": 21, "column": 0 },
        "end": { "line": 21, "column": 60 }
      },
      "21": {
        "start": { "line": 22, "column": 0 },
        "end": { "line": 22, "column": 62 }
      },
      "22": {
        "start": { "line": 23, "column": 0 },
        "end": { "line": 23, "column": 60 }
      },
      "23": {
        "start": { "line": 24, "column": 0 },
        "end": { "line": 24, "column": 69 }
      },
      "24": {
        "start": { "line": 25, "column": 0 },
        "end": { "line": 25, "column": 15 }
      },
      "25": {
        "start": { "line": 26, "column": 0 },
        "end": { "line": 26, "column": 15 }
      },
      "26": {
        "start": { "line": 27, "column": 0 },
        "end": { "line": 27, "column": 40 }
      },
      "27": {
        "start": { "line": 28, "column": 0 },
        "end": { "line": 28, "column": 12 }
      },
      "28": {
        "start": { "line": 29, "column": 0 },
        "end": { "line": 29, "column": 11 }
      },
      "29": {
        "start": { "line": 30, "column": 0 },
        "end": { "line": 30, "column": 8 }
      },
      "30": {
        "start": { "line": 31, "column": 0 },
        "end": { "line": 31, "column": 7 }
      },
      "31": {
        "start": { "line": 32, "column": 0 },
        "end": { "line": 32, "column": 4 }
      },
      "32": {
        "start": { "line": 33, "column": 0 },
        "end": { "line": 33, "column": 1 }
      }
    },
    "s": {
      "0": 1,
      "1": 1,
      "2": 1,
      "3": 1,
      "4": 1,
      "5": 1,
      "6": 10,
      "7": 10,
      "8": 10,
      "9": 10,
      "10": 10,
      "11": 10,
      "12": 10,
      "13": 10,
      "14": 10,
      "15": 9,
      "16": 9,
      "17": 5,
      "18": 5,
      "19": 5,
      "20": 5,
      "21": 5,
      "22": 5,
      "23": 5,
      "24": 5,
      "25": 4,
      "26": 4,
      "27": 9,
      "28": 9,
      "29": 10,
      "30": 10,
      "31": 10,
      "32": 10
    },
    "branchMap": {
      "0": {
        "type": "branch",
        "line": 7,
        "loc": {
          "start": { "line": 7, "column": 0 },
          "end": { "line": 33, "column": 1 }
        },
        "locations": [
          {
            "start": { "line": 7, "column": 0 },
            "end": { "line": 33, "column": 1 }
          }
        ]
      },
      "1": {
        "type": "branch",
        "line": 14,
        "loc": {
          "start": { "line": 14, "column": 7 },
          "end": { "line": 14, "column": 37 }
        },
        "locations": [
          {
            "start": { "line": 14, "column": 7 },
            "end": { "line": 14, "column": 37 }
          }
        ]
      },
      "2": {
        "type": "branch",
        "line": 15,
        "loc": {
          "start": { "line": 15, "column": 8 },
          "end": { "line": 29, "column": 11 }
        },
        "locations": [
          {
            "start": { "line": 15, "column": 8 },
            "end": { "line": 29, "column": 11 }
          }
        ]
      },
      "3": {
        "type": "branch",
        "line": 17,
        "loc": {
          "start": { "line": 17, "column": 27 },
          "end": { "line": 25, "column": 15 }
        },
        "locations": [
          {
            "start": { "line": 17, "column": 27 },
            "end": { "line": 25, "column": 15 }
          }
        ]
      },
      "4": {
        "type": "branch",
        "line": 25,
        "loc": {
          "start": { "line": 25, "column": 12 },
          "end": { "line": 27, "column": 40 }
        },
        "locations": [
          {
            "start": { "line": 25, "column": 12 },
            "end": { "line": 27, "column": 40 }
          }
        ]
      }
    },
    "b": { "0": [10], "1": [1], "2": [9], "3": [5], "4": [4] },
    "fnMap": {
      "0": {
        "name": "ModalCardContent",
        "decl": {
          "start": { "line": 7, "column": 0 },
          "end": { "line": 33, "column": 1 }
        },
        "loc": {
          "start": { "line": 7, "column": 0 },
          "end": { "line": 33, "column": 1 }
        },
        "line": 7
      }
    },
    "f": { "0": 10 }
  },
  "D:\\програмирование\\RS school\\React\\Module1 Components\\RSScholl-React-2023-Q4\\src\\components\\Pagination\\Pagination.tsx": {
    "path": "D:\\програмирование\\RS school\\React\\Module1 Components\\RSScholl-React-2023-Q4\\src\\components\\Pagination\\Pagination.tsx",
    "all": false,
    "statementMap": {
      "0": {
        "start": { "line": 1, "column": 0 },
        "end": { "line": 1, "column": 26 }
      },
      "1": {
        "start": { "line": 2, "column": 0 },
        "end": { "line": 2, "column": 58 }
      },
      "2": {
        "start": { "line": 3, "column": 0 },
        "end": { "line": 3, "column": 48 }
      },
      "3": {
        "start": { "line": 4, "column": 0 },
        "end": { "line": 4, "column": 35 }
      },
      "4": {
        "start": { "line": 5, "column": 0 },
        "end": { "line": 5, "column": 51 }
      },
      "5": {
        "start": { "line": 6, "column": 0 },
        "end": { "line": 6, "column": 0 }
      },
      "6": {
        "start": { "line": 7, "column": 0 },
        "end": { "line": 7, "column": 36 }
      },
      "7": {
        "start": { "line": 8, "column": 0 },
        "end": { "line": 8, "column": 14 }
      },
      "8": {
        "start": { "line": 9, "column": 0 },
        "end": { "line": 9, "column": 10 }
      },
      "9": {
        "start": { "line": 10, "column": 0 },
        "end": { "line": 10, "column": 15 }
      },
      "10": {
        "start": { "line": 11, "column": 0 },
        "end": { "line": 11, "column": 15 }
      },
      "11": {
        "start": { "line": 12, "column": 0 },
        "end": { "line": 12, "column": 22 }
      },
      "12": {
        "start": { "line": 13, "column": 0 },
        "end": { "line": 13, "column": 9 }
      },
      "13": {
        "start": { "line": 14, "column": 0 },
        "end": { "line": 14, "column": 17 }
      },
      "14": {
        "start": { "line": 15, "column": 0 },
        "end": { "line": 15, "column": 17 }
      },
      "15": {
        "start": { "line": 16, "column": 0 },
        "end": { "line": 16, "column": 13 }
      },
      "16": {
        "start": { "line": 17, "column": 0 },
        "end": { "line": 17, "column": 19 }
      },
      "17": {
        "start": { "line": 18, "column": 0 },
        "end": { "line": 18, "column": 20 }
      },
      "18": {
        "start": { "line": 19, "column": 0 },
        "end": { "line": 19, "column": 20 }
      },
      "19": {
        "start": { "line": 20, "column": 0 },
        "end": { "line": 20, "column": 26 }
      },
      "20": {
        "start": { "line": 21, "column": 0 },
        "end": { "line": 21, "column": 29 }
      },
      "21": {
        "start": { "line": 22, "column": 0 },
        "end": { "line": 22, "column": 60 }
      },
      "22": {
        "start": { "line": 23, "column": 0 },
        "end": { "line": 23, "column": 65 }
      },
      "23": {
        "start": { "line": 24, "column": 0 },
        "end": { "line": 24, "column": 23 }
      },
      "24": {
        "start": { "line": 25, "column": 0 },
        "end": { "line": 25, "column": 0 }
      },
      "25": {
        "start": { "line": 26, "column": 0 },
        "end": { "line": 26, "column": 29 }
      },
      "26": {
        "start": { "line": 27, "column": 0 },
        "end": { "line": 27, "column": 70 }
      },
      "27": {
        "start": { "line": 28, "column": 0 },
        "end": { "line": 28, "column": 26 }
      },
      "28": {
        "start": { "line": 29, "column": 0 },
        "end": { "line": 29, "column": 64 }
      },
      "29": {
        "start": { "line": 30, "column": 0 },
        "end": { "line": 30, "column": 0 }
      },
      "30": {
        "start": { "line": 31, "column": 0 },
        "end": { "line": 31, "column": 74 }
      },
      "31": {
        "start": { "line": 32, "column": 0 },
        "end": { "line": 32, "column": 9 }
      },
      "32": {
        "start": { "line": 33, "column": 0 },
        "end": { "line": 33, "column": 56 }
      },
      "33": {
        "start": { "line": 34, "column": 0 },
        "end": { "line": 34, "column": 41 }
      },
      "34": {
        "start": { "line": 35, "column": 0 },
        "end": { "line": 35, "column": 0 }
      },
      "35": {
        "start": { "line": 36, "column": 0 },
        "end": { "line": 36, "column": 29 }
      },
      "36": {
        "start": { "line": 37, "column": 0 },
        "end": { "line": 37, "column": 26 }
      },
      "37": {
        "start": { "line": 38, "column": 0 },
        "end": { "line": 38, "column": 38 }
      },
      "38": {
        "start": { "line": 39, "column": 0 },
        "end": { "line": 39, "column": 38 }
      },
      "39": {
        "start": { "line": 40, "column": 0 },
        "end": { "line": 40, "column": 40 }
      },
      "40": {
        "start": { "line": 41, "column": 0 },
        "end": { "line": 41, "column": 21 }
      },
      "41": {
        "start": { "line": 42, "column": 0 },
        "end": { "line": 42, "column": 25 }
      },
      "42": {
        "start": { "line": 43, "column": 0 },
        "end": { "line": 43, "column": 5 }
      },
      "43": {
        "start": { "line": 44, "column": 0 },
        "end": { "line": 44, "column": 4 }
      },
      "44": {
        "start": { "line": 45, "column": 0 },
        "end": { "line": 45, "column": 0 }
      },
      "45": {
        "start": { "line": 46, "column": 0 },
        "end": { "line": 46, "column": 37 }
      },
      "46": {
        "start": { "line": 47, "column": 0 },
        "end": { "line": 47, "column": 21 }
      },
      "47": {
        "start": { "line": 48, "column": 0 },
        "end": { "line": 48, "column": 4 }
      },
      "48": {
        "start": { "line": 49, "column": 0 },
        "end": { "line": 49, "column": 0 }
      },
      "49": {
        "start": { "line": 50, "column": 0 },
        "end": { "line": 50, "column": 37 }
      },
      "50": {
        "start": { "line": 51, "column": 0 },
        "end": { "line": 51, "column": 21 }
      },
      "51": {
        "start": { "line": 52, "column": 0 },
        "end": { "line": 52, "column": 4 }
      },
      "52": {
        "start": { "line": 53, "column": 0 },
        "end": { "line": 53, "column": 0 }
      },
      "53": {
        "start": { "line": 54, "column": 0 },
        "end": { "line": 54, "column": 10 }
      },
      "54": {
        "start": { "line": 55, "column": 0 },
        "end": { "line": 55, "column": 40 }
      },
      "55": {
        "start": { "line": 56, "column": 0 },
        "end": { "line": 56, "column": 13 }
      },
      "56": {
        "start": { "line": 57, "column": 0 },
        "end": { "line": 57, "column": 19 }
      },
      "57": {
        "start": { "line": 58, "column": 0 },
        "end": { "line": 58, "column": 27 }
      },
      "58": {
        "start": { "line": 59, "column": 0 },
        "end": { "line": 59, "column": 49 }
      },
      "59": {
        "start": { "line": 60, "column": 0 },
        "end": { "line": 60, "column": 33 }
      },
      "60": {
        "start": { "line": 61, "column": 0 },
        "end": { "line": 61, "column": 9 }
      },
      "61": {
        "start": { "line": 62, "column": 0 },
        "end": { "line": 62, "column": 37 }
      },
      "62": {
        "start": { "line": 63, "column": 0 },
        "end": { "line": 63, "column": 36 }
      },
      "63": {
        "start": { "line": 64, "column": 0 },
        "end": { "line": 64, "column": 38 }
      },
      "64": {
        "start": { "line": 65, "column": 0 },
        "end": { "line": 65, "column": 21 }
      },
      "65": {
        "start": { "line": 66, "column": 0 },
        "end": { "line": 66, "column": 38 }
      },
      "66": {
        "start": { "line": 67, "column": 0 },
        "end": { "line": 67, "column": 57 }
      },
      "67": {
        "start": { "line": 68, "column": 0 },
        "end": { "line": 68, "column": 11 }
      },
      "68": {
        "start": { "line": 69, "column": 0 },
        "end": { "line": 69, "column": 13 }
      },
      "69": {
        "start": { "line": 70, "column": 0 },
        "end": { "line": 70, "column": 19 }
      },
      "70": {
        "start": { "line": 71, "column": 0 },
        "end": { "line": 71, "column": 33 }
      },
      "71": {
        "start": { "line": 72, "column": 0 },
        "end": { "line": 72, "column": 49 }
      },
      "72": {
        "start": { "line": 73, "column": 0 },
        "end": { "line": 73, "column": 33 }
      },
      "73": {
        "start": { "line": 74, "column": 0 },
        "end": { "line": 74, "column": 9 }
      },
      "74": {
        "start": { "line": 75, "column": 0 },
        "end": { "line": 75, "column": 37 }
      },
      "75": {
        "start": { "line": 76, "column": 0 },
        "end": { "line": 76, "column": 42 }
      },
      "76": {
        "start": { "line": 77, "column": 0 },
        "end": { "line": 77, "column": 38 }
      },
      "77": {
        "start": { "line": 78, "column": 0 },
        "end": { "line": 78, "column": 21 }
      },
      "78": {
        "start": { "line": 79, "column": 0 },
        "end": { "line": 79, "column": 10 }
      },
      "79": {
        "start": { "line": 80, "column": 0 },
        "end": { "line": 80, "column": 4 }
      },
      "80": {
        "start": { "line": 81, "column": 0 },
        "end": { "line": 81, "column": 1 }
      }
    },
    "s": {
      "0": 1,
      "1": 1,
      "2": 1,
      "3": 1,
      "4": 1,
      "5": 1,
      "6": 4,
      "7": 4,
      "8": 4,
      "9": 4,
      "10": 4,
      "11": 4,
      "12": 4,
      "13": 4,
      "14": 4,
      "15": 4,
      "16": 4,
      "17": 4,
      "18": 4,
      "19": 4,
      "20": 4,
      "21": 4,
      "22": 4,
      "23": 2,
      "24": 2,
      "25": 2,
      "26": 2,
      "27": 2,
      "28": 2,
      "29": 2,
      "30": 2,
      "31": 2,
      "32": 2,
      "33": 0,
      "34": 0,
      "35": 0,
      "36": 0,
      "37": 0,
      "38": 0,
      "39": 0,
      "40": 0,
      "41": 0,
      "42": 0,
      "43": 2,
      "44": 4,
      "45": 4,
      "46": 1,
      "47": 1,
      "48": 4,
      "49": 4,
      "50": 1,
      "51": 1,
      "52": 4,
      "53": 4,
      "54": 4,
      "55": 4,
      "56": 4,
      "57": 4,
      "58": 2,
      "59": 2,
      "60": 4,
      "61": 4,
      "62": 4,
      "63": 4,
      "64": 4,
      "65": 4,
      "66": 4,
      "67": 4,
      "68": 4,
      "69": 4,
      "70": 4,
      "71": 0,
      "72": 4,
      "73": 4,
      "74": 4,
      "75": 4,
      "76": 4,
      "77": 4,
      "78": 4,
      "79": 4,
      "80": 4
    },
    "branchMap": {
      "0": {
        "type": "branch",
        "line": 7,
        "loc": {
          "start": { "line": 7, "column": 0 },
          "end": { "line": 81, "column": 1 }
        },
        "locations": [
          {
            "start": { "line": 7, "column": 0 },
            "end": { "line": 81, "column": 1 }
          }
        ]
      },
      "1": {
        "type": "branch",
        "line": 58,
        "loc": {
          "start": { "line": 58, "column": 26 },
          "end": { "line": 59, "column": 49 }
        },
        "locations": [
          {
            "start": { "line": 58, "column": 26 },
            "end": { "line": 59, "column": 49 }
          }
        ]
      },
      "2": {
        "type": "branch",
        "line": 59,
        "loc": {
          "start": { "line": 59, "column": 14 },
          "end": { "line": 60, "column": 33 }
        },
        "locations": [
          {
            "start": { "line": 59, "column": 14 },
            "end": { "line": 60, "column": 33 }
          }
        ]
      },
      "3": {
        "type": "branch",
        "line": 67,
        "loc": {
          "start": { "line": 67, "column": 35 },
          "end": { "line": 67, "column": 57 }
        },
        "locations": [
          {
            "start": { "line": 67, "column": 35 },
            "end": { "line": 67, "column": 57 }
          }
        ]
      },
      "4": {
        "type": "branch",
        "line": 71,
        "loc": {
          "start": { "line": 71, "column": 26 },
          "end": { "line": 72, "column": 49 }
        },
        "locations": [
          {
            "start": { "line": 71, "column": 26 },
            "end": { "line": 72, "column": 49 }
          }
        ]
      },
      "5": {
        "type": "branch",
        "line": 23,
        "loc": {
          "start": { "line": 23, "column": 19 },
          "end": { "line": 44, "column": 4 }
        },
        "locations": [
          {
            "start": { "line": 23, "column": 19 },
            "end": { "line": 44, "column": 4 }
          }
        ]
      },
      "6": {
        "type": "branch",
        "line": 27,
        "loc": {
          "start": { "line": 27, "column": 27 },
          "end": { "line": 27, "column": 54 }
        },
        "locations": [
          {
            "start": { "line": 27, "column": 27 },
            "end": { "line": 27, "column": 54 }
          }
        ]
      },
      "7": {
        "type": "branch",
        "line": 27,
        "loc": {
          "start": { "line": 27, "column": 50 },
          "end": { "line": 27, "column": 70 }
        },
        "locations": [
          {
            "start": { "line": 27, "column": 50 },
            "end": { "line": 27, "column": 70 }
          }
        ]
      },
      "8": {
        "type": "branch",
        "line": 29,
        "loc": {
          "start": { "line": 29, "column": 27 },
          "end": { "line": 29, "column": 51 }
        },
        "locations": [
          {
            "start": { "line": 29, "column": 27 },
            "end": { "line": 29, "column": 51 }
          }
        ]
      },
      "9": {
        "type": "branch",
        "line": 29,
        "loc": {
          "start": { "line": 29, "column": 36 },
          "end": { "line": 29, "column": 64 }
        },
        "locations": [
          {
            "start": { "line": 29, "column": 36 },
            "end": { "line": 29, "column": 64 }
          }
        ]
      },
      "10": {
        "type": "branch",
        "line": 33,
        "loc": {
          "start": { "line": 33, "column": 54 },
          "end": { "line": 43, "column": 5 }
        },
        "locations": [
          {
            "start": { "line": 33, "column": 54 },
            "end": { "line": 43, "column": 5 }
          }
        ]
      },
      "11": {
        "type": "branch",
        "line": 46,
        "loc": {
          "start": { "line": 46, "column": 30 },
          "end": { "line": 48, "column": 4 }
        },
        "locations": [
          {
            "start": { "line": 46, "column": 30 },
            "end": { "line": 48, "column": 4 }
          }
        ]
      },
      "12": {
        "type": "branch",
        "line": 50,
        "loc": {
          "start": { "line": 50, "column": 30 },
          "end": { "line": 52, "column": 4 }
        },
        "locations": [
          {
            "start": { "line": 50, "column": 30 },
            "end": { "line": 52, "column": 4 }
          }
        ]
      }
    },
    "b": {
      "0": [4],
      "1": [2],
      "2": [2],
      "3": [0],
      "4": [0],
      "5": [2],
      "6": [1],
      "7": [1],
      "8": [1],
      "9": [1],
      "10": [0],
      "11": [1],
      "12": [1]
    },
    "fnMap": {
      "0": {
        "name": "Pagination",
        "decl": {
          "start": { "line": 7, "column": 0 },
          "end": { "line": 81, "column": 1 }
        },
        "loc": {
          "start": { "line": 7, "column": 0 },
          "end": { "line": 81, "column": 1 }
        },
        "line": 7
      },
      "1": {
        "name": "movePage",
        "decl": {
          "start": { "line": 23, "column": 19 },
          "end": { "line": 44, "column": 4 }
        },
        "loc": {
          "start": { "line": 23, "column": 19 },
          "end": { "line": 44, "column": 4 }
        },
        "line": 23
      },
      "2": {
        "name": "handleClickPrevPage",
        "decl": {
          "start": { "line": 46, "column": 30 },
          "end": { "line": 48, "column": 4 }
        },
        "loc": {
          "start": { "line": 46, "column": 30 },
          "end": { "line": 48, "column": 4 }
        },
        "line": 46
      },
      "3": {
        "name": "handleClickNextPage",
        "decl": {
          "start": { "line": 50, "column": 30 },
          "end": { "line": 52, "column": 4 }
        },
        "loc": {
          "start": { "line": 50, "column": 30 },
          "end": { "line": 52, "column": 4 }
        },
        "line": 50
      }
    },
    "f": { "0": 4, "1": 2, "2": 1, "3": 1 }
  },
  "D:\\програмирование\\RS school\\React\\Module1 Components\\RSScholl-React-2023-Q4\\src\\components\\Search\\Search.tsx": {
    "path": "D:\\програмирование\\RS school\\React\\Module1 Components\\RSScholl-React-2023-Q4\\src\\components\\Search\\Search.tsx",
    "all": false,
    "statementMap": {
      "0": {
        "start": { "line": 1, "column": 0 },
        "end": { "line": 1, "column": 41 }
      },
      "1": {
        "start": { "line": 2, "column": 0 },
        "end": { "line": 2, "column": 49 }
      },
      "2": {
        "start": { "line": 3, "column": 0 },
        "end": { "line": 3, "column": 48 }
      },
      "3": {
        "start": { "line": 4, "column": 0 },
        "end": { "line": 4, "column": 35 }
      },
      "4": {
        "start": { "line": 5, "column": 0 },
        "end": { "line": 5, "column": 54 }
      },
      "5": {
        "start": { "line": 6, "column": 0 },
        "end": { "line": 6, "column": 51 }
      },
      "6": {
        "start": { "line": 7, "column": 0 },
        "end": { "line": 7, "column": 55 }
      },
      "7": {
        "start": { "line": 8, "column": 0 },
        "end": { "line": 8, "column": 0 }
      },
      "8": {
        "start": { "line": 9, "column": 0 },
        "end": { "line": 9, "column": 60 }
      },
      "9": {
        "start": { "line": 10, "column": 0 },
        "end": { "line": 10, "column": 9 }
      },
      "10": {
        "start": { "line": 11, "column": 0 },
        "end": { "line": 11, "column": 17 }
      },
      "11": {
        "start": { "line": 12, "column": 0 },
        "end": { "line": 12, "column": 17 }
      },
      "12": {
        "start": { "line": 13, "column": 0 },
        "end": { "line": 13, "column": 13 }
      },
      "13": {
        "start": { "line": 14, "column": 0 },
        "end": { "line": 14, "column": 19 }
      },
      "14": {
        "start": { "line": 15, "column": 0 },
        "end": { "line": 15, "column": 15 }
      },
      "15": {
        "start": { "line": 16, "column": 0 },
        "end": { "line": 16, "column": 20 }
      },
      "16": {
        "start": { "line": 17, "column": 0 },
        "end": { "line": 17, "column": 20 }
      },
      "17": {
        "start": { "line": 18, "column": 0 },
        "end": { "line": 18, "column": 20 }
      },
      "18": {
        "start": { "line": 19, "column": 0 },
        "end": { "line": 19, "column": 26 }
      },
      "19": {
        "start": { "line": 20, "column": 0 },
        "end": { "line": 20, "column": 29 }
      },
      "20": {
        "start": { "line": 21, "column": 0 },
        "end": { "line": 21, "column": 60 }
      },
      "21": {
        "start": { "line": 22, "column": 0 },
        "end": { "line": 22, "column": 0 }
      },
      "22": {
        "start": { "line": 23, "column": 0 },
        "end": { "line": 23, "column": 52 }
      },
      "23": {
        "start": { "line": 24, "column": 0 },
        "end": { "line": 24, "column": 53 }
      },
      "24": {
        "start": { "line": 25, "column": 0 },
        "end": { "line": 25, "column": 23 }
      },
      "25": {
        "start": { "line": 26, "column": 0 },
        "end": { "line": 26, "column": 37 }
      },
      "26": {
        "start": { "line": 27, "column": 0 },
        "end": { "line": 27, "column": 54 }
      },
      "27": {
        "start": { "line": 28, "column": 0 },
        "end": { "line": 28, "column": 9 }
      },
      "28": {
        "start": { "line": 29, "column": 0 },
        "end": { "line": 29, "column": 35 }
      },
      "29": {
        "start": { "line": 30, "column": 0 },
        "end": { "line": 30, "column": 32 }
      },
      "30": {
        "start": { "line": 31, "column": 0 },
        "end": { "line": 31, "column": 58 }
      },
      "31": {
        "start": { "line": 32, "column": 0 },
        "end": { "line": 32, "column": 10 }
      },
      "32": {
        "start": { "line": 33, "column": 0 },
        "end": { "line": 33, "column": 8 }
      },
      "33": {
        "start": { "line": 34, "column": 0 },
        "end": { "line": 34, "column": 41 }
      },
      "34": {
        "start": { "line": 35, "column": 0 },
        "end": { "line": 35, "column": 0 }
      },
      "35": {
        "start": { "line": 36, "column": 0 },
        "end": { "line": 36, "column": 29 }
      },
      "36": {
        "start": { "line": 37, "column": 0 },
        "end": { "line": 37, "column": 35 }
      },
      "37": {
        "start": { "line": 38, "column": 0 },
        "end": { "line": 38, "column": 26 }
      },
      "38": {
        "start": { "line": 39, "column": 0 },
        "end": { "line": 39, "column": 24 }
      },
      "39": {
        "start": { "line": 40, "column": 0 },
        "end": { "line": 40, "column": 34 }
      },
      "40": {
        "start": { "line": 41, "column": 0 },
        "end": { "line": 41, "column": 38 }
      },
      "41": {
        "start": { "line": 42, "column": 0 },
        "end": { "line": 42, "column": 38 }
      },
      "42": {
        "start": { "line": 43, "column": 0 },
        "end": { "line": 43, "column": 21 }
      },
      "43": {
        "start": { "line": 44, "column": 0 },
        "end": { "line": 44, "column": 25 }
      },
      "44": {
        "start": { "line": 45, "column": 0 },
        "end": { "line": 45, "column": 19 }
      },
      "45": {
        "start": { "line": 46, "column": 0 },
        "end": { "line": 46, "column": 26 }
      },
      "46": {
        "start": { "line": 47, "column": 0 },
        "end": { "line": 47, "column": 5 }
      },
      "47": {
        "start": { "line": 48, "column": 0 },
        "end": { "line": 48, "column": 4 }
      },
      "48": {
        "start": { "line": 49, "column": 0 },
        "end": { "line": 49, "column": 0 }
      },
      "49": {
        "start": { "line": 50, "column": 0 },
        "end": { "line": 50, "column": 71 }
      },
      "50": {
        "start": { "line": 51, "column": 0 },
        "end": { "line": 51, "column": 61 }
      },
      "51": {
        "start": { "line": 52, "column": 0 },
        "end": { "line": 52, "column": 3 }
      },
      "52": {
        "start": { "line": 53, "column": 0 },
        "end": { "line": 53, "column": 0 }
      },
      "53": {
        "start": { "line": 54, "column": 0 },
        "end": { "line": 54, "column": 27 }
      },
      "54": {
        "start": { "line": 55, "column": 0 },
        "end": { "line": 55, "column": 28 }
      },
      "55": {
        "start": { "line": 56, "column": 0 },
        "end": { "line": 56, "column": 3 }
      },
      "56": {
        "start": { "line": 57, "column": 0 },
        "end": { "line": 57, "column": 0 }
      },
      "57": {
        "start": { "line": 58, "column": 0 },
        "end": { "line": 58, "column": 70 }
      },
      "58": {
        "start": { "line": 59, "column": 0 },
        "end": { "line": 59, "column": 40 }
      },
      "59": {
        "start": { "line": 60, "column": 0 },
        "end": { "line": 60, "column": 3 }
      },
      "60": {
        "start": { "line": 61, "column": 0 },
        "end": { "line": 61, "column": 0 }
      },
      "61": {
        "start": { "line": 62, "column": 0 },
        "end": { "line": 62, "column": 10 }
      },
      "62": {
        "start": { "line": 63, "column": 0 },
        "end": { "line": 63, "column": 46 }
      },
      "63": {
        "start": { "line": 64, "column": 0 },
        "end": { "line": 64, "column": 12 }
      },
      "64": {
        "start": { "line": 65, "column": 0 },
        "end": { "line": 65, "column": 21 }
      },
      "65": {
        "start": { "line": 66, "column": 0 },
        "end": { "line": 66, "column": 42 }
      },
      "66": {
        "start": { "line": 67, "column": 0 },
        "end": { "line": 67, "column": 28 }
      },
      "67": {
        "start": { "line": 68, "column": 0 },
        "end": { "line": 68, "column": 36 }
      },
      "68": {
        "start": { "line": 69, "column": 0 },
        "end": { "line": 69, "column": 27 }
      },
      "69": {
        "start": { "line": 70, "column": 0 },
        "end": { "line": 70, "column": 32 }
      },
      "70": {
        "start": { "line": 71, "column": 0 },
        "end": { "line": 71, "column": 30 }
      },
      "71": {
        "start": { "line": 72, "column": 0 },
        "end": { "line": 72, "column": 36 }
      },
      "72": {
        "start": { "line": 73, "column": 0 },
        "end": { "line": 73, "column": 15 }
      },
      "73": {
        "start": { "line": 74, "column": 0 },
        "end": { "line": 74, "column": 13 }
      },
      "74": {
        "start": { "line": 75, "column": 0 },
        "end": { "line": 75, "column": 43 }
      },
      "75": {
        "start": { "line": 76, "column": 0 },
        "end": { "line": 76, "column": 30 }
      },
      "76": {
        "start": { "line": 77, "column": 0 },
        "end": { "line": 77, "column": 27 }
      },
      "77": {
        "start": { "line": 78, "column": 0 },
        "end": { "line": 78, "column": 33 }
      },
      "78": {
        "start": { "line": 79, "column": 0 },
[...]
        "loc": {
          "start": { "line": 17, "column": 35 },
          "end": { "line": 17, "column": 63 }
        },
        "locations": [
          {
            "start": { "line": 17, "column": 35 },
            "end": { "line": 17, "column": 63 }
          }
        ]
      },
      "2": {
        "type": "branch",
        "line": 17,
        "loc": {
          "start": { "line": 17, "column": 49 },
          "end": { "line": 17, "column": 66 }
        },
        "locations": [
          {
            "start": { "line": 17, "column": 49 },
            "end": { "line": 17, "column": 66 }
          }
        ]
      },
      "3": {
        "type": "branch",
        "line": 22,
        "loc": {
          "start": { "line": 22, "column": 4 },
          "end": { "line": 22, "column": 36 }
        },
        "locations": [
          {
            "start": { "line": 22, "column": 4 },
            "end": { "line": 22, "column": 36 }
          }
        ]
      },
      "4": {
        "type": "branch",
        "line": 22,
        "loc": {
          "start": { "line": 22, "column": 32 },
          "end": { "line": 22, "column": 49 }
        },
        "locations": [
          {
            "start": { "line": 22, "column": 32 },
            "end": { "line": 22, "column": 49 }
          }
        ]
      },
      "5": {
        "type": "branch",
        "line": 93,
        "loc": {
          "start": { "line": 93, "column": 8 },
          "end": { "line": 93, "column": 47 }
        },
        "locations": [
          {
            "start": { "line": 93, "column": 8 },
            "end": { "line": 93, "column": 47 }
          }
        ]
      },
      "6": {
        "type": "branch",
        "line": 93,
        "loc": {
          "start": { "line": 93, "column": 41 },
          "end": { "line": 99, "column": 10 }
        },
        "locations": [
          {
            "start": { "line": 93, "column": 41 },
            "end": { "line": 99, "column": 10 }
          }
        ]
      },
      "7": {
        "type": "branch",
        "line": 42,
        "loc": {
          "start": { "line": 42, "column": 12 },
          "end": { "line": 70, "column": 5 }
        },
        "locations": [
          {
            "start": { "line": 42, "column": 12 },
            "end": { "line": 70, "column": 5 }
          }
        ]
      },
      "8": {
        "type": "branch",
        "line": 43,
        "loc": {
          "start": { "line": 43, "column": 26 },
          "end": { "line": 67, "column": 6 }
        },
        "locations": [
          {
            "start": { "line": 43, "column": 26 },
            "end": { "line": 67, "column": 6 }
          }
        ]
      },
      "9": {
        "type": "branch",
        "line": 49,
        "loc": {
          "start": { "line": 49, "column": 12 },
          "end": { "line": 50, "column": 66 }
        },
        "locations": [
          {
            "start": { "line": 49, "column": 12 },
            "end": { "line": 50, "column": 66 }
          }
        ]
      },
      "10": {
        "type": "branch",
        "line": 50,
        "loc": {
          "start": { "line": 50, "column": 64 },
          "end": { "line": 51, "column": 41 }
        },
        "locations": [
          {
            "start": { "line": 50, "column": 64 },
            "end": { "line": 51, "column": 41 }
          }
        ]
      },
      "11": {
        "type": "branch",
        "line": 53,
        "loc": {
          "start": { "line": 53, "column": 8 },
          "end": { "line": 66, "column": 7 }
        },
        "locations": [
          {
            "start": { "line": 53, "column": 8 },
            "end": { "line": 66, "column": 7 }
          }
        ]
      }
    },
    "b": {
      "0": [5],
      "1": [1],
      "2": [4],
      "3": [0],
      "4": [0],
      "5": [0],
      "6": [0],
      "7": [3],
      "8": [3],
      "9": [1],
      "10": [2],
      "11": [2]
    },
    "fnMap": {
      "0": {
        "name": "MainPage",
        "decl": {
          "start": { "line": 13, "column": 0 },
          "end": { "line": 108, "column": 1 }
        },
        "loc": {
          "start": { "line": 13, "column": 0 },
          "end": { "line": 108, "column": 1 }
        },
        "line": 13
      },
      "1": {
        "name": "deleteCardStringQuery",
        "decl": {
          "start": { "line": 38, "column": 32 },
          "end": { "line": 40, "column": 4 }
        },
        "loc": {
          "start": { "line": 38, "column": 32 },
          "end": { "line": 40, "column": 4 }
        },
        "line": 38
      },
      "2": {
        "name": "initialSearch",
        "decl": {
          "start": { "line": 43, "column": 26 },
          "end": { "line": 67, "column": 6 }
        },
        "loc": {
          "start": { "line": 43, "column": 26 },
          "end": { "line": 67, "column": 6 }
        },
        "line": 43
      }
    },
    "f": { "0": 5, "1": 0, "2": 3 }
  },
  "D:\\програмирование\\RS school\\React\\Module1 Components\\RSScholl-React-2023-Q4\\src\\constants\\constants.ts": {
    "path": "D:\\програмирование\\RS school\\React\\Module1 Components\\RSScholl-React-2023-Q4\\src\\constants\\constants.ts",
    "all": false,
    "statementMap": {
      "0": {
        "start": { "line": 1, "column": 0 },
        "end": { "line": 1, "column": 69 }
      }
    },
    "s": { "0": 1 },
    "branchMap": {},
    "b": {},
    "fnMap": {},
    "f": {}
  },
  "D:\\програмирование\\RS school\\React\\Module1 Components\\RSScholl-React-2023-Q4\\src\\context\\context.ts": {
    "path": "D:\\програмирование\\RS school\\React\\Module1 Components\\RSScholl-React-2023-Q4\\src\\context\\context.ts",
    "all": false,
    "statementMap": {
      "0": {
        "start": { "line": 1, "column": 0 },
        "end": { "line": 1, "column": 38 }
      },
      "1": {
        "start": { "line": 2, "column": 0 },
        "end": { "line": 2, "column": 59 }
      },
      "2": {
        "start": { "line": 3, "column": 0 },
        "end": { "line": 3, "column": 0 }
      },
      "3": {
        "start": { "line": 4, "column": 0 },
        "end": { "line": 4, "column": 59 }
      },
      "4": {
        "start": { "line": 5, "column": 0 },
        "end": { "line": 5, "column": 28 }
      },
      "5": {
        "start": { "line": 6, "column": 0 },
        "end": { "line": 6, "column": 2 }
      }
    },
    "s": { "0": 1, "1": 1, "2": 1, "3": 1, "4": 1, "5": 1 },
    "branchMap": {},
    "b": {},
    "fnMap": {},
    "f": {}
  },
  "D:\\програмирование\\RS school\\React\\Module1 Components\\RSScholl-React-2023-Q4\\src\\mocks\\handlers.ts": {
    "path": "D:\\програмирование\\RS school\\React\\Module1 Components\\RSScholl-React-2023-Q4\\src\\mocks\\handlers.ts",
    "all": false,
    "statementMap": {
      "0": {
        "start": { "line": 1, "column": 0 },
        "end": { "line": 1, "column": 41 }
      },
      "1": {
        "start": { "line": 2, "column": 0 },
        "end": { "line": 2, "column": 0 }
      },
      "2": {
        "start": { "line": 3, "column": 0 },
        "end": { "line": 3, "column": 25 }
      },
      "3": {
        "start": { "line": 4, "column": 0 },
        "end": { "line": 4, "column": 65 }
      },
      "4": {
        "start": { "line": 5, "column": 0 },
        "end": { "line": 5, "column": 30 }
      },
      "5": {
        "start": { "line": 6, "column": 0 },
        "end": { "line": 6, "column": 7 }
      },
      "6": {
        "start": { "line": 7, "column": 0 },
        "end": { "line": 7, "column": 14 }
      },
      "7": {
        "start": { "line": 8, "column": 0 },
        "end": { "line": 8, "column": 29 }
      },
      "8": {
        "start": { "line": 9, "column": 0 },
        "end": { "line": 9, "column": 24 }
      },
      "9": {
        "start": { "line": 10, "column": 0 },
        "end": { "line": 10, "column": 25 }
      },
      "10": {
        "start": { "line": 11, "column": 0 },
        "end": { "line": 11, "column": 23 }
      },
      "11": {
        "start": { "line": 12, "column": 0 },
        "end": { "line": 12, "column": 19 }
      },
      "12": {
        "start": { "line": 13, "column": 0 },
        "end": { "line": 13, "column": 35 }
      },
      "13": {
        "start": { "line": 14, "column": 0 },
        "end": { "line": 14, "column": 10 }
      },
      "14": {
        "start": { "line": 15, "column": 0 },
        "end": { "line": 15, "column": 73 }
      },
      "15": {
        "start": { "line": 16, "column": 0 },
        "end": { "line": 16, "column": 8 }
      },
      "16": {
        "start": { "line": 17, "column": 0 },
        "end": { "line": 17, "column": 10 }
      },
      "17": {
        "start": { "line": 18, "column": 0 },
        "end": { "line": 18, "column": 17 }
      },
      "18": {
        "start": { "line": 19, "column": 0 },
        "end": { "line": 19, "column": 31 }
      },
      "19": {
        "start": { "line": 20, "column": 0 },
        "end": { "line": 20, "column": 27 }
      },
      "20": {
        "start": { "line": 21, "column": 0 },
        "end": { "line": 21, "column": 28 }
      },
      "21": {
        "start": { "line": 22, "column": 0 },
        "end": { "line": 22, "column": 26 }
      },
      "22": {
        "start": { "line": 23, "column": 0 },
        "end": { "line": 23, "column": 22 }
      },
      "23": {
        "start": { "line": 24, "column": 0 },
        "end": { "line": 24, "column": 38 }
      },
      "24": {
        "start": { "line": 25, "column": 0 },
        "end": { "line": 25, "column": 13 }
      },
      "25": {
        "start": { "line": 26, "column": 0 },
        "end": { "line": 26, "column": 76 }
      },
      "26": {
        "start": { "line": 27, "column": 0 },
        "end": { "line": 27, "column": 11 }
      },
      "27": {
        "start": { "line": 28, "column": 0 },
        "end": { "line": 28, "column": 7 }
      },
      "28": {
        "start": { "line": 29, "column": 0 },
        "end": { "line": 29, "column": 5 }
      },
      "29": {
        "start": { "line": 30, "column": 0 },
        "end": { "line": 30, "column": 65 }
      },
      "30": {
        "start": { "line": 31, "column": 0 },
        "end": { "line": 31, "column": 30 }
      },
      "31": {
        "start": { "line": 32, "column": 0 },
        "end": { "line": 32, "column": 7 }
      },
      "32": {
        "start": { "line": 33, "column": 0 },
        "end": { "line": 33, "column": 14 }
      },
      "33": {
        "start": { "line": 34, "column": 0 },
        "end": { "line": 34, "column": 29 }
      },
      "34": {
        "start": { "line": 35, "column": 0 },
        "end": { "line": 35, "column": 24 }
      },
      "35": {
        "start": { "line": 36, "column": 0 },
        "end": { "line": 36, "column": 25 }
      },
      "36": {
        "start": { "line": 37, "column": 0 },
        "end": { "line": 37, "column": 23 }
      },
      "37": {
        "start": { "line": 38, "column": 0 },
        "end": { "line": 38, "column": 19 }
      },
      "38": {
        "start": { "line": 39, "column": 0 },
        "end": { "line": 39, "column": 35 }
      },
      "39": {
        "start": { "line": 40, "column": 0 },
        "end": { "line": 40, "column": 10 }
      },
      "40": {
        "start": { "line": 41, "column": 0 },
        "end": { "line": 41, "column": 73 }
      },
      "41": {
        "start": { "line": 42, "column": 0 },
        "end": { "line": 42, "column": 8 }
      },
      "42": {
        "start": { "line": 43, "column": 0 },
        "end": { "line": 43, "column": 7 }
      },
      "43": {
        "start": { "line": 44, "column": 0 },
        "end": { "line": 44, "column": 14 }
      },
      "44": {
        "start": { "line": 45, "column": 0 },
        "end": { "line": 45, "column": 28 }
      },
      "45": {
        "start": { "line": 46, "column": 0 },
        "end": { "line": 46, "column": 24 }
      },
      "46": {
        "start": { "line": 47, "column": 0 },
        "end": { "line": 47, "column": 25 }
      },
      "47": {
        "start": { "line": 48, "column": 0 },
        "end": { "line": 48, "column": 23 }
      },
      "48": {
        "start": { "line": 49, "column": 0 },
        "end": { "line": 49, "column": 19 }
      },
      "49": {
        "start": { "line": 50, "column": 0 },
        "end": { "line": 50, "column": 35 }
      },
      "50": {
        "start": { "line": 51, "column": 0 },
        "end": { "line": 51, "column": 10 }
      },
      "51": {
        "start": { "line": 52, "column": 0 },
        "end": { "line": 52, "column": 73 }
      },
      "52": {
        "start": { "line": 53, "column": 0 },
        "end": { "line": 53, "column": 8 }
      },
      "53": {
        "start": { "line": 54, "column": 0 },
        "end": { "line": 54, "column": 7 }
      },
      "54": {
        "start": { "line": 55, "column": 0 },
        "end": { "line": 55, "column": 5 }
      },
      "55": {
        "start": { "line": 56, "column": 0 },
        "end": { "line": 56, "column": 2 }
      }
    },
    "s": {
      "0": 1,
      "1": 1,
      "2": 1,
      "3": 1,
      "4": 2,
      "5": 2,
      "6": 2,
      "7": 2,
      "8": 2,
      "9": 2,
      "10": 2,
      "11": 2,
      "12": 2,
      "13": 2,
      "14": 2,
      "15": 2,
      "16": 2,
      "17": 2,
      "18": 2,
      "19": 2,
      "20": 2,
      "21": 2,
      "22": 2,
      "23": 2,
      "24": 2,
      "25": 2,
      "26": 2,
      "27": 2,
      "28": 1,
      "29": 1,
      "30": 2,
      "31": 2,
      "32": 2,
      "33": 2,
      "34": 2,
      "35": 2,
      "36": 2,
      "37": 2,
      "38": 2,
      "39": 2,
      "40": 2,
      "41": 2,
      "42": 2,
      "43": 2,
      "44": 2,
      "45": 2,
      "46": 2,
      "47": 2,
      "48": 2,
      "49": 2,
      "50": 2,
      "51": 2,
      "52": 2,
      "53": 2,
      "54": 1,
      "55": 1
    },
    "branchMap": {
      "0": {
        "type": "branch",
        "line": 4,
        "loc": {
          "start": { "line": 4, "column": 58 },
          "end": { "line": 29, "column": 3 }
        },
        "locations": [
          {
            "start": { "line": 4, "column": 58 },
            "end": { "line": 29, "column": 3 }
          }
        ]
      },
      "1": {
        "type": "branch",
        "line": 30,
        "loc": {
          "start": { "line": 30, "column": 58 },
          "end": { "line": 55, "column": 3 }
        },
        "locations": [
          {
            "start": { "line": 30, "column": 58 },
            "end": { "line": 55, "column": 3 }
          }
        ]
      }
    },
    "b": { "0": [2], "1": [2] },
    "fnMap": {},
    "f": {}
  },
  "D:\\програмирование\\RS school\\React\\Module1 Components\\RSScholl-React-2023-Q4\\src\\mocks\\mockData.ts": {
    "path": "D:\\програмирование\\RS school\\React\\Module1 Components\\RSScholl-React-2023-Q4\\src\\mocks\\mockData.ts",
    "all": false,
    "statementMap": {
      "0": {
        "start": { "line": 1, "column": 0 },
        "end": { "line": 1, "column": 26 }
      },
      "1": {
        "start": { "line": 2, "column": 0 },
        "end": { "line": 2, "column": 3 }
      },
      "2": {
        "start": { "line": 3, "column": 0 },
        "end": { "line": 3, "column": 12 }
      },
      "3": {
        "start": { "line": 4, "column": 0 },
        "end": { "line": 4, "column": 25 }
      },
      "4": {
        "start": { "line": 5, "column": 0 },
        "end": { "line": 5, "column": 20 }
      },
      "5": {
        "start": { "line": 6, "column": 0 },
        "end": { "line": 6, "column": 21 }
      },
      "6": {
        "start": { "line": 7, "column": 0 },
        "end": { "line": 7, "column": 19 }
      },
      "7": {
        "start": { "line": 8, "column": 0 },
        "end": { "line": 8, "column": 69 }
      },
      "8": {
        "start": { "line": 9, "column": 0 },
        "end": { "line": 9, "column": 4 }
      },
      "9": {
        "start": { "line": 10, "column": 0 },
        "end": { "line": 10, "column": 3 }
      },
      "10": {
        "start": { "line": 11, "column": 0 },
        "end": { "line": 11, "column": 12 }
      },
      "11": {
        "start": { "line": 12, "column": 0 },
        "end": { "line": 12, "column": 24 }
      },
      "12": {
        "start": { "line": 13, "column": 0 },
        "end": { "line": 13, "column": 20 }
      },
      "13": {
        "start": { "line": 14, "column": 0 },
        "end": { "line": 14, "column": 21 }
      },
      "14": {
        "start": { "line": 15, "column": 0 },
        "end": { "line": 15, "column": 19 }
      },
      "15": {
        "start": { "line": 16, "column": 0 },
        "end": { "line": 16, "column": 69 }
      },
      "16": {
        "start": { "line": 17, "column": 0 },
        "end": { "line": 17, "column": 4 }
      },
      "17": {
        "start": { "line": 18, "column": 0 },
        "end": { "line": 18, "column": 2 }
      },
      "18": {
        "start": { "line": 19, "column": 0 },
        "end": { "line": 19, "column": 0 }
      },
      "19": {
        "start": { "line": 20, "column": 0 },
        "end": { "line": 20, "column": 36 }
      },
      "20": {
        "start": { "line": 21, "column": 0 },
        "end": { "line": 21, "column": 8 }
      },
      "21": {
        "start": { "line": 22, "column": 0 },
        "end": { "line": 22, "column": 22 }
      },
      "22": {
        "start": { "line": 23, "column": 0 },
        "end": { "line": 23, "column": 18 }
      },
      "23": {
        "start": { "line": 24, "column": 0 },
        "end": { "line": 24, "column": 19 }
      },
      "24": {
        "start": { "line": 25, "column": 0 },
        "end": { "line": 25, "column": 17 }
      },
      "25": {
        "start": { "line": 26, "column": 0 },
        "end": { "line": 26, "column": 13 }
      },
      "26": {
        "start": { "line": 27, "column": 0 },
        "end": { "line": 27, "column": 29 }
      },
      "27": {
        "start": { "line": 28, "column": 0 },
        "end": { "line": 28, "column": 4 }
      },
      "28": {
        "start": { "line": 29, "column": 0 },
        "end": { "line": 29, "column": 67 }
      },
      "29": {
        "start": { "line": 30, "column": 0 },
        "end": { "line": 30, "column": 2 }
      },
      "30": {
        "start": { "line": 31, "column": 0 },
        "end": { "line": 31, "column": 0 }
      },
      "31": {
        "start": { "line": 32, "column": 0 },
        "end": { "line": 32, "column": 35 }
      }
    },
    "s": {
      "0": 1,
      "1": 1,
      "2": 1,
      "3": 1,
      "4": 1,
      "5": 1,
      "6": 1,
      "7": 1,
      "8": 1,
      "9": 1,
      "10": 1,
      "11": 1,
      "12": 1,
      "13": 1,
      "14": 1,
      "15": 1,
      "16": 1,
      "17": 1,
      "18": 1,
      "19": 1,
      "20": 1,
      "21": 1,
      "22": 1,
      "23": 1,
      "24": 1,
      "25": 1,
      "26": 1,
      "27": 1,
      "28": 1,
      "29": 1,
      "30": 1,
      "31": 1
    },
    "branchMap": {},
    "b": {},
    "fnMap": {},
    "f": {}
  },
  "D:\\програмирование\\RS school\\React\\Module1 Components\\RSScholl-React-2023-Q4\\src\\mocks\\node.ts": {
    "path": "D:\\програмирование\\RS school\\React\\Module1 Components\\RSScholl-React-2023-Q4\\src\\mocks\\node.ts",
    "all": false,
    "statementMap": {
      "0": {
        "start": { "line": 1, "column": 0 },
        "end": { "line": 1, "column": 39 }
      },
      "1": {
        "start": { "line": 2, "column": 0 },
        "end": { "line": 2, "column": 38 }
      },
      "2": {
        "start": { "line": 3, "column": 0 },
        "end": { "line": 3, "column": 0 }
      },
      "3": {
        "start": { "line": 4, "column": 0 },
        "end": { "line": 4, "column": 47 }
      }
    },
    "s": { "0": 1, "1": 1, "2": 1, "3": 1 },
    "branchMap": {},
    "b": {},
    "fnMap": {},
    "f": {}
  }
}
